0 info it worked if it ends with ok
1 verbose cli [ '/usr/local/Cellar/node/0.10.18/bin/node',
1 verbose cli   '/usr/local/bin/npm',
1 verbose cli   'publish',
1 verbose cli   './' ]
2 info using npm@1.3.8
3 info using node@v0.10.18
4 verbose publish [ './' ]
5 verbose cache add [ './', null ]
6 verbose cache add name=undefined spec="./" args=["./",null]
7 verbose parsed url { protocol: null,
7 verbose parsed url   slashes: null,
7 verbose parsed url   auth: null,
7 verbose parsed url   host: null,
7 verbose parsed url   port: null,
7 verbose parsed url   hostname: null,
7 verbose parsed url   hash: null,
7 verbose parsed url   search: null,
7 verbose parsed url   query: null,
7 verbose parsed url   pathname: './',
7 verbose parsed url   path: './',
7 verbose parsed url   href: './' }
8 silly lockFile 0ee6c175- ./
9 verbose lock ./ /Users/memo/.npm/0ee6c175-.lock
10 verbose tar pack [ '/var/folders/v2/y8vgx4f10sj399nvr875mrb80000gn/T/npm-494-a1N8QnWX/1378689800137-0.015529471216723323/tmp.tgz',
10 verbose tar pack   './' ]
11 verbose tarball /var/folders/v2/y8vgx4f10sj399nvr875mrb80000gn/T/npm-494-a1N8QnWX/1378689800137-0.015529471216723323/tmp.tgz
12 verbose folder ./
13 silly lockFile 04cb2bca-tar tar://./
14 verbose lock tar://./ /Users/memo/.npm/04cb2bca-tar.lock
15 silly lockFile cc820894-137-0-015529471216723323-tmp-tgz tar:///var/folders/v2/y8vgx4f10sj399nvr875mrb80000gn/T/npm-494-a1N8QnWX/1378689800137-0.015529471216723323/tmp.tgz
16 verbose lock tar:///var/folders/v2/y8vgx4f10sj399nvr875mrb80000gn/T/npm-494-a1N8QnWX/1378689800137-0.015529471216723323/tmp.tgz /Users/memo/.npm/cc820894-137-0-015529471216723323-tmp-tgz.lock
17 silly lockFile 04cb2bca-tar tar://./
18 silly lockFile 04cb2bca-tar tar://./
19 silly lockFile cc820894-137-0-015529471216723323-tmp-tgz tar:///var/folders/v2/y8vgx4f10sj399nvr875mrb80000gn/T/npm-494-a1N8QnWX/1378689800137-0.015529471216723323/tmp.tgz
20 silly lockFile cc820894-137-0-015529471216723323-tmp-tgz tar:///var/folders/v2/y8vgx4f10sj399nvr875mrb80000gn/T/npm-494-a1N8QnWX/1378689800137-0.015529471216723323/tmp.tgz
21 verbose tar unpack /var/folders/v2/y8vgx4f10sj399nvr875mrb80000gn/T/npm-494-a1N8QnWX/1378689800137-0.015529471216723323/tmp.tgz
22 silly lockFile 83210bcd-137-0-015529471216723323-package tar:///var/folders/v2/y8vgx4f10sj399nvr875mrb80000gn/T/npm-494-a1N8QnWX/1378689800137-0.015529471216723323/package
23 verbose lock tar:///var/folders/v2/y8vgx4f10sj399nvr875mrb80000gn/T/npm-494-a1N8QnWX/1378689800137-0.015529471216723323/package /Users/memo/.npm/83210bcd-137-0-015529471216723323-package.lock
24 silly lockFile cc820894-137-0-015529471216723323-tmp-tgz tar:///var/folders/v2/y8vgx4f10sj399nvr875mrb80000gn/T/npm-494-a1N8QnWX/1378689800137-0.015529471216723323/tmp.tgz
25 verbose lock tar:///var/folders/v2/y8vgx4f10sj399nvr875mrb80000gn/T/npm-494-a1N8QnWX/1378689800137-0.015529471216723323/tmp.tgz /Users/memo/.npm/cc820894-137-0-015529471216723323-tmp-tgz.lock
26 silly gunzTarPerm modes [ '755', '644' ]
27 silly gunzTarPerm extractEntry package.json
28 silly gunzTarPerm extractEntry README.md
29 silly gunzTarPerm extractEntry LICENSE
30 silly gunzTarPerm extractEntry .travis.yml
31 silly gunzTarPerm extractEntry bin/cli.js
32 silly gunzTarPerm extractEntry lib/pman.js
33 silly gunzTarPerm extractEntry test/index.js
34 silly gunzTarPerm extractEntry test/TOTEST.md
35 silly gunzTarPerm extractEntry test/mocha.opts
36 silly lockFile 83210bcd-137-0-015529471216723323-package tar:///var/folders/v2/y8vgx4f10sj399nvr875mrb80000gn/T/npm-494-a1N8QnWX/1378689800137-0.015529471216723323/package
37 silly lockFile 83210bcd-137-0-015529471216723323-package tar:///var/folders/v2/y8vgx4f10sj399nvr875mrb80000gn/T/npm-494-a1N8QnWX/1378689800137-0.015529471216723323/package
38 silly lockFile cc820894-137-0-015529471216723323-tmp-tgz tar:///var/folders/v2/y8vgx4f10sj399nvr875mrb80000gn/T/npm-494-a1N8QnWX/1378689800137-0.015529471216723323/tmp.tgz
39 silly lockFile cc820894-137-0-015529471216723323-tmp-tgz tar:///var/folders/v2/y8vgx4f10sj399nvr875mrb80000gn/T/npm-494-a1N8QnWX/1378689800137-0.015529471216723323/tmp.tgz
40 verbose tar pack [ '/Users/memo/.npm/pman/0.0.1/package.tgz',
40 verbose tar pack   '/var/folders/v2/y8vgx4f10sj399nvr875mrb80000gn/T/npm-494-a1N8QnWX/1378689800137-0.015529471216723323/package' ]
41 verbose tarball /Users/memo/.npm/pman/0.0.1/package.tgz
42 verbose folder /var/folders/v2/y8vgx4f10sj399nvr875mrb80000gn/T/npm-494-a1N8QnWX/1378689800137-0.015529471216723323/package
43 silly lockFile 83210bcd-137-0-015529471216723323-package tar:///var/folders/v2/y8vgx4f10sj399nvr875mrb80000gn/T/npm-494-a1N8QnWX/1378689800137-0.015529471216723323/package
44 verbose lock tar:///var/folders/v2/y8vgx4f10sj399nvr875mrb80000gn/T/npm-494-a1N8QnWX/1378689800137-0.015529471216723323/package /Users/memo/.npm/83210bcd-137-0-015529471216723323-package.lock
45 silly lockFile 456fc998--memo-npm-pman-0-0-1-package-tgz tar:///Users/memo/.npm/pman/0.0.1/package.tgz
46 verbose lock tar:///Users/memo/.npm/pman/0.0.1/package.tgz /Users/memo/.npm/456fc998--memo-npm-pman-0-0-1-package-tgz.lock
47 silly lockFile 83210bcd-137-0-015529471216723323-package tar:///var/folders/v2/y8vgx4f10sj399nvr875mrb80000gn/T/npm-494-a1N8QnWX/1378689800137-0.015529471216723323/package
48 silly lockFile 83210bcd-137-0-015529471216723323-package tar:///var/folders/v2/y8vgx4f10sj399nvr875mrb80000gn/T/npm-494-a1N8QnWX/1378689800137-0.015529471216723323/package
49 silly lockFile 456fc998--memo-npm-pman-0-0-1-package-tgz tar:///Users/memo/.npm/pman/0.0.1/package.tgz
50 silly lockFile 456fc998--memo-npm-pman-0-0-1-package-tgz tar:///Users/memo/.npm/pman/0.0.1/package.tgz
51 silly lockFile 029d460c-sers-memo-npm-pman-0-0-1-package /Users/memo/.npm/pman/0.0.1/package
52 verbose lock /Users/memo/.npm/pman/0.0.1/package /Users/memo/.npm/029d460c-sers-memo-npm-pman-0-0-1-package.lock
53 silly lockFile 029d460c-sers-memo-npm-pman-0-0-1-package /Users/memo/.npm/pman/0.0.1/package
54 silly lockFile 029d460c-sers-memo-npm-pman-0-0-1-package /Users/memo/.npm/pman/0.0.1/package
55 verbose tar unpack /Users/memo/.npm/pman/0.0.1/package.tgz
56 silly lockFile 633ea0a1-sers-memo-npm-pman-0-0-1-package tar:///Users/memo/.npm/pman/0.0.1/package
57 verbose lock tar:///Users/memo/.npm/pman/0.0.1/package /Users/memo/.npm/633ea0a1-sers-memo-npm-pman-0-0-1-package.lock
58 silly lockFile 456fc998--memo-npm-pman-0-0-1-package-tgz tar:///Users/memo/.npm/pman/0.0.1/package.tgz
59 verbose lock tar:///Users/memo/.npm/pman/0.0.1/package.tgz /Users/memo/.npm/456fc998--memo-npm-pman-0-0-1-package-tgz.lock
60 silly gunzTarPerm modes [ '755', '644' ]
61 silly gunzTarPerm extractEntry package.json
62 silly gunzTarPerm extractEntry README.md
63 silly gunzTarPerm extractEntry LICENSE
64 silly gunzTarPerm extractEntry .travis.yml
65 silly gunzTarPerm extractEntry bin/cli.js
66 silly gunzTarPerm extractEntry lib/pman.js
67 silly gunzTarPerm extractEntry test/index.js
68 silly gunzTarPerm extractEntry test/TOTEST.md
69 silly gunzTarPerm extractEntry test/mocha.opts
70 silly lockFile 633ea0a1-sers-memo-npm-pman-0-0-1-package tar:///Users/memo/.npm/pman/0.0.1/package
71 silly lockFile 633ea0a1-sers-memo-npm-pman-0-0-1-package tar:///Users/memo/.npm/pman/0.0.1/package
72 silly lockFile 456fc998--memo-npm-pman-0-0-1-package-tgz tar:///Users/memo/.npm/pman/0.0.1/package.tgz
73 silly lockFile 456fc998--memo-npm-pman-0-0-1-package-tgz tar:///Users/memo/.npm/pman/0.0.1/package.tgz
74 verbose chmod /Users/memo/.npm/pman/0.0.1/package.tgz 644
75 verbose chown /Users/memo/.npm/pman/0.0.1/package.tgz [ 501, 20 ]
76 silly lockFile 0ee6c175- ./
77 silly lockFile 0ee6c175- ./
78 silly publish { name: 'pman',
78 silly publish   version: '0.0.1',
78 silly publish   description: 'Heroku Postgres environment locally',
78 silly publish   bin: { pman: './bin/cli.js' },
78 silly publish   main: './lib/pman.js',
78 silly publish   preferGlobal: true,
78 silly publish   scripts: { test: 'mocha test' },
78 silly publish   keywords: [ 'heroku', 'postgres', 'pman' ],
78 silly publish   author:
78 silly publish    { name: 'Guillermo A. Sanchez',
78 silly publish      email: 'memo.sanchez@gmail.com' },
78 silly publish   repository: { type: 'git', url: 'git@github.com:memosanchez/node-pman.git' },
78 silly publish   license: 'none',
78 silly publish   dependencies: { optimist: '~0.6.0', lodash: '~1.3.1' },
78 silly publish   devDependencies: { mocha: '~1.12.1', should: '~1.2.2' },
78 silly publish   readme: '# node-pman [![Build Status](https://travis-ci.org/memosanchez/node-pman.png?branch=master)](https://travis-ci.org/memosanchez/node-pman)\n\nPostgres environment variables from Heroku on the command line\n',
78 silly publish   readmeFilename: 'README.md',
78 silly publish   bugs: { url: 'https://github.com/memosanchez/node-pman/issues' },
78 silly publish   _id: 'pman@0.0.1',
78 silly publish   dist: { shasum: 'b98468e7187addd75d3221b0ab3f67f1a5ec00f7' },
78 silly publish   _from: './' }
79 verbose url raw pman
80 verbose url resolving [ 'https://registry.npmjs.org/', './pman' ]
81 verbose url resolved https://registry.npmjs.org/pman
82 info trying registry request attempt 1 at 21:23:20
83 http PUT https://registry.npmjs.org/pman
84 http 409 https://registry.npmjs.org/pman
85 verbose url raw pman
86 verbose url resolving [ 'https://registry.npmjs.org/', './pman' ]
87 verbose url resolved https://registry.npmjs.org/pman
88 info trying registry request attempt 1 at 21:23:21
89 http GET https://registry.npmjs.org/pman
90 http 200 https://registry.npmjs.org/pman
91 error publish fail Cannot publish over existing version.
91 error publish fail Update the 'version' field in package.json and try again.
91 error publish fail
91 error publish fail If the previous version was published in error, see:
91 error publish fail     npm help unpublish
91 error publish fail
91 error publish fail To automatically increment version numbers, see:
91 error publish fail     npm help version
92 error System Darwin 12.4.0
93 error command "/usr/local/Cellar/node/0.10.18/bin/node" "/usr/local/bin/npm" "publish" "./"
94 error cwd /Users/memo/Code/node-pman
95 error node -v v0.10.18
96 error npm -v 1.3.8
97 error code EPUBLISHCONFLICT
98 verbose exit [ 1, true ]
